Performing C SOURCE FILE Test CMAKE_HAVE_LIBC_PTHREAD failed with the following output:
Change Dir: /home/gabriel/Documents/COE768/L3/cmake-build-debug/CMakeFiles/CMakeTmp

Run Build Command(s):/usr/bin/make cmTC_a5411/fast && /usr/bin/make -f CMakeFiles/cmTC_a5411.dir/build.make CMakeFiles/cmTC_a5411.dir/build
make[1]: Entering directory '/home/gabriel/Documents/COE768/L3/cmake-build-debug/CMakeFiles/CMakeTmp'
Building C object CMakeFiles/cmTC_a5411.dir/src.c.o
/usr/bin/cc   -DCMAKE_HAVE_LIBC_PTHREAD   -std=gnu11 -o CMakeFiles/cmTC_a5411.dir/src.c.o   -c /home/gabriel/Documents/COE768/L3/cmake-build-debug/CMakeFiles/CMakeTmp/src.c
Linking C executable cmTC_a5411
/home/gabriel/.local/share/JetBrains/Toolbox/apps/CLion/ch-0/192.7142.39/bin/cmake/linux/bin/cmake -E cmake_link_script CMakeFiles/cmTC_a5411.dir/link.txt --verbose=1
/usr/bin/cc  -DCMAKE_HAVE_LIBC_PTHREAD    CMakeFiles/cmTC_a5411.dir/src.c.o  -o cmTC_a5411 
CMakeFiles/cmTC_a5411.dir/src.c.o: In function `main':
src.c:(.text+0x3e): undefined reference to `pthread_create'
src.c:(.text+0x4a): undefined reference to `pthread_detach'
src.c:(.text+0x5b): undefined reference to `pthread_join'
src.c:(.text+0x6f): undefined reference to `pthread_atfork'
collect2: error: ld returned 1 exit status
CMakeFiles/cmTC_a5411.dir/build.make:86: recipe for target 'cmTC_a5411' failed
make[1]: *** [cmTC_a5411] Error 1
make[1]: Leaving directory '/home/gabriel/Documents/COE768/L3/cmake-build-debug/CMakeFiles/CMakeTmp'
Makefile:121: recipe for target 'cmTC_a5411/fast' failed
make: *** [cmTC_a5411/fast] Error 2


Source file was:
#include <pthread.h>

void* test_func(void* data)
{
  return data;
}

int main(void)
{
  pthread_t thread;
  pthread_create(&thread, NULL, test_func, NULL);
  pthread_detach(thread);
  pthread_join(thread, NULL);
  pthread_atfork(NULL, NULL, NULL);
  pthread_exit(NULL);

  return 0;
}

